Using pre-set license
Built from '2020.3/staging' branch; Version is '2020.3.19f1 (68f137dc9bbe) revision 6877495'; Using compiler version '192528614'; Build Type 'Release'
OS: 'Windows 10 Home Single Language; OS build 19044.1766; Version 2009; 64bit' Language: 'ru' Physical Memory: 10187 MB
BatchMode: 1, IsHumanControllingUs: 0, StartBugReporterOnCrash: 0, Is64bit: 1, IsPro: 0

COMMAND LINE ARGUMENTS:
C:\Program Files\Unity\Hub\Editor\2020.3.19f1\Editor\Unity.exe
-adb2
-batchMode
-noUpm
-name
AssetImportWorker0
-projectPath
C:/Unity projects/dimlom1
-logFile
Logs/AssetImportWorker0.log
-srvPort
58263
Successfully changed project path to: C:/Unity projects/dimlom1
C:/Unity projects/dimlom1
Using Asset Import Pipeline V2.
Refreshing native plugins compatible for Editor in 60.65 ms, found 3 plugins.
Preloading 0 native plugins for Editor in 0.00 ms.
Initialize engine version: 2020.3.19f1 (68f137dc9bbe)
[Subsystems] Discovering subsystems at path C:/Program Files/Unity/Hub/Editor/2020.3.19f1/Editor/Data/Resources/UnitySubsystems
[Subsystems] Discovering subsystems at path C:/Unity projects/dimlom1/Assets
GfxDevice: creating device client; threaded=0
Direct3D:
    Version:  Direct3D 11.0 [level 11.1]
    Renderer: AMD Radeon(TM) Vega 8 Graphics (ID=0x15d8)
    Vendor:   
    VRAM:     5093 MB
    Driver:   27.20.11044.5003
Initialize mono
Mono path[0] = 'C:/Program Files/Unity/Hub/Editor/2020.3.19f1/Editor/Data/Managed'
Mono path[1] = 'C:/Program Files/Unity/Hub/Editor/2020.3.19f1/Editor/Data/MonoBleedingEdge/lib/mono/unityjit'
Mono config path = 'C:/Program Files/Unity/Hub/Editor/2020.3.19f1/Editor/Data/MonoBleedingEdge/etc'
Using monoOptions --debugger-agent=transport=dt_socket,embedding=1,server=y,suspend=n,address=127.0.0.1:56912
Begin MonoManager ReloadAssembly
Registering precompiled unity dll's ...
Register platform support module: C:/Program Files/Unity/Hub/Editor/2020.3.19f1/Editor/Data/PlaybackEngines/WebGLSupport/UnityEditor.WebGL.Extensions.dll
Register platform support module: C:/Program Files/Unity/Hub/Editor/2020.3.19f1/Editor/Data/PlaybackEngines/WindowsStandaloneSupport/UnityEditor.WindowsStandalone.Extensions.dll
Registered in 0.004913 seconds.
Native extension for WindowsStandalone target not found
Native extension for WebGL target not found
Refreshing native plugins compatible for Editor in 53.68 ms, found 3 plugins.
Preloading 0 native plugins for Editor in 0.00 ms.
Mono: successfully reloaded assembly
- Completed reload, in  1.872 seconds
Domain Reload Profiling:
	ReloadAssembly (1873ms)
		BeginReloadAssembly (84ms)
			ExecutionOrderSort (0ms)
			DisableScriptedObjects (0ms)
			BackupInstance (0ms)
			ReleaseScriptingObjects (0ms)
			CreateAndSetChildDomain (1ms)
		EndReloadAssembly (570ms)
			LoadAssemblies (82ms)
			RebuildTransferFunctionScriptingTraits (0ms)
			SetupTypeCache (200ms)
			ReleaseScriptCaches (0ms)
			RebuildScriptCaches (35ms)
			SetupLoadedEditorAssemblies (230ms)
				LogAssemblyErrors (0ms)
				InitializePlatformSupportModulesInManaged (7ms)
				SetLoadedEditorAssemblies (0ms)
				RefreshPlugins (54ms)
				BeforeProcessingInitializeOnLoad (25ms)
				ProcessInitializeOnLoadAttributes (104ms)
				ProcessInitializeOnLoadMethodAttributes (40ms)
				AfterProcessingInitializeOnLoad (0ms)
				EditorAssembliesLoaded (0ms)
			ExecutionOrderSort2 (0ms)
			AwakeInstancesAfterBackupRestoration (0ms)
Platform modules already initialized, skipping
Registering precompiled user dll's ...
Registered in 0.004787 seconds.
Begin MonoManager ReloadAssembly
Native extension for WindowsStandalone target not found
Native extension for WebGL target not found
Refreshing native plugins compatible for Editor in 63.11 ms, found 3 plugins.
Preloading 0 native plugins for Editor in 0.00 ms.
Mono: successfully reloaded assembly
- Completed reload, in  1.575 seconds
Domain Reload Profiling:
	ReloadAssembly (1576ms)
		BeginReloadAssembly (192ms)
			ExecutionOrderSort (0ms)
			DisableScriptedObjects (6ms)
			BackupInstance (0ms)
			ReleaseScriptingObjects (0ms)
			CreateAndSetChildDomain (25ms)
		EndReloadAssembly (1297ms)
			LoadAssemblies (128ms)
			RebuildTransferFunctionScriptingTraits (0ms)
			SetupTypeCache (402ms)
			ReleaseScriptCaches (1ms)
			RebuildScriptCaches (66ms)
			SetupLoadedEditorAssemblies (520ms)
				LogAssemblyErrors (0ms)
				InitializePlatformSupportModulesInManaged (7ms)
				SetLoadedEditorAssemblies (0ms)
				RefreshPlugins (63ms)
				BeforeProcessingInitializeOnLoad (131ms)
				ProcessInitializeOnLoadAttributes (289ms)
				ProcessInitializeOnLoadMethodAttributes (19ms)
				AfterProcessingInitializeOnLoad (12ms)
				EditorAssembliesLoaded (0ms)
			ExecutionOrderSort2 (0ms)
			AwakeInstancesAfterBackupRestoration (12ms)
Platform modules already initialized, skipping
========================================================================
Worker process is ready to serve import requests
Launched and connected shader compiler UnityShaderCompiler.exe after 0.07 seconds
Refreshing native plugins compatible for Editor in 0.73 ms, found 3 plugins.
Preloading 0 native plugins for Editor in 0.00 ms.
Unloading 2104 Unused Serialized files (Serialized files now loaded: 0)
System memory in use before: 94.9 MB.
System memory in use after: 95.0 MB.

Unloading 26 unused Assets to reduce memory usage. Loaded Objects now: 2548.
Total: 5.229700 ms (FindLiveObjects: 0.297200 ms CreateObjectMapping: 0.075900 ms MarkObjects: 4.743500 ms  DeleteObjects: 0.111100 ms)

AssetImportParameters requested are different than current active one (requested -> active):
  custom:framework-win-MediaFoundation: 216162199b28c13a410421893ffa2e32 -> 
  custom:video-decoder-ogg-theora: a1e56fd34408186e4bbccfd4996cb3dc -> 
  custom:container-muxer-webm: aa71ff27fc2769a1b78a27578f13a17b -> 
  custom:container-demuxer-webm: 4f35f7cbe854078d1ac9338744f61a02 -> 
  custom:container-demuxer-ogg: 62fdf1f143b41e24485cea50d1cbac27 -> 
  custom:video-encoder-webm-vp8: eb34c28f22e8b96e1ab97ce403110664 -> 
  custom:video-decoder-webm-vp8: 9c59270c3fd7afecdb556c50c9e8de78 -> 
  custom:audio-decoder-ogg-vorbis: bf7c407c2cedff20999df2af8eb42d56 -> 
  custom:audio-encoder-webm-vorbis: bf7c407c2cedff20999df2af8eb42d56 -> 
========================================================================
Received Import Request.
  path: Assets/Prefabs
  artifactKey: Guid(9437c0f3a0565804b92b60e78f56c612) Importer(815301076,1909f56bfc062723c751e8b465ee728b)
Start importing Assets/Prefabs using Guid(9437c0f3a0565804b92b60e78f56c612) Importer(815301076,1909f56bfc062723c751e8b465ee728b)  -> (artifact id: 'bcc805951dc1865794b879b7c3484ee3') in 0.015216 seconds 
  Import took 0.021165 seconds .

========================================================================
Received Import Request.
  Time since last request: 0.000343 seconds.
  path: Assets/Prefabs/Table.prefab
  artifactKey: Guid(2064b166c58173a4193d5844a64698e1) Importer(815301076,1909f56bfc062723c751e8b465ee728b)
Start importing Assets/Prefabs/Table.prefab using Guid(2064b166c58173a4193d5844a64698e1) Importer(815301076,1909f56bfc062723c751e8b465ee728b)  -> (artifact id: '87da6fba0ec49d9970eb7ab6138010cd') in 0.203869 seconds 
  Import took 0.210766 seconds .

========================================================================
Received Import Request.
  Time since last request: 11.739209 seconds.
  path: Assets/Materials
  artifactKey: Guid(50984c8dbf2992b43b77465a52577855) Importer(815301076,1909f56bfc062723c751e8b465ee728b)
Start importing Assets/Materials using Guid(50984c8dbf2992b43b77465a52577855) Importer(815301076,1909f56bfc062723c751e8b465ee728b)  -> (artifact id: '7bcfc625c91fee73ae2a30de1063e926') in 0.014195 seconds 
  Import took 0.020234 seconds .

========================================================================
Received Import Request.
  Time since last request: 0.054716 seconds.
  path: Assets/Materials/Line.mat
  artifactKey: Guid(bf560bcdd05b71744a8723a90e1a4963) Importer(815301076,1909f56bfc062723c751e8b465ee728b)
Start importing Assets/Materials/Line.mat using Guid(bf560bcdd05b71744a8723a90e1a4963) Importer(815301076,1909f56bfc062723c751e8b465ee728b)  -> (artifact id: 'a0301a8ddcab61c79fc00931c199fbd9') in 0.073139 seconds 
  Import took 0.078644 seconds .

========================================================================
Received Import Request.
  Time since last request: 0.000331 seconds.
  path: Assets/Materials/Positive.mat
  artifactKey: Guid(3223f44f5f44ff24d83b43434cc141a3) Importer(815301076,1909f56bfc062723c751e8b465ee728b)
Start importing Assets/Materials/Positive.mat using Guid(3223f44f5f44ff24d83b43434cc141a3) Importer(815301076,1909f56bfc062723c751e8b465ee728b)  -> (artifact id: 'fb326ea512ddad1d761b7768419ad1fe') in 0.025335 seconds 
  Import took 0.031916 seconds .

========================================================================
Received Import Request.
  Time since last request: 0.000327 seconds.
  path: Assets/Materials/Wood2.tga
  artifactKey: Guid(fa79f310fc4924e4cabca0791e343bfb) Importer(815301076,1909f56bfc062723c751e8b465ee728b)
Start importing Assets/Materials/Wood2.tga using Guid(fa79f310fc4924e4cabca0791e343bfb) Importer(815301076,1909f56bfc062723c751e8b465ee728b)  -> (artifact id: 'd3ba33c40a86a46be43996359e3bc7e9') in 0.053522 seconds 
  Import took 0.059799 seconds .

========================================================================
Received Import Request.
  Time since last request: 0.000310 seconds.
  path: Assets/Materials/Line.png
  artifactKey: Guid(bb2d289a455245148bc7f9050a5cc0f4) Importer(815301076,1909f56bfc062723c751e8b465ee728b)
Start importing Assets/Materials/Line.png using Guid(bb2d289a455245148bc7f9050a5cc0f4) Importer(815301076,1909f56bfc062723c751e8b465ee728b)  -> (artifact id: 'ce7d316fd9318098f7a2ca14a211c84e') in 0.059015 seconds 
  Import took 0.064596 seconds .

========================================================================
Received Import Request.
  Time since last request: 0.000310 seconds.
  path: Assets/Materials/M_Wood2.mat
  artifactKey: Guid(3e3fe7d08624f594bb8e96487091bd1a) Importer(815301076,1909f56bfc062723c751e8b465ee728b)
Start importing Assets/Materials/M_Wood2.mat using Guid(3e3fe7d08624f594bb8e96487091bd1a) Importer(815301076,1909f56bfc062723c751e8b465ee728b)  -> (artifact id: '3cd729543ab597a4ca9c32bbf554c673') in 0.039328 seconds 
  Import took 0.045016 seconds .

========================================================================
Received Import Request.
  Time since last request: 0.000334 seconds.
  path: Assets/Materials/Negative.mat
  artifactKey: Guid(288382ff0dc18764ba4f3dc481e33367) Importer(815301076,1909f56bfc062723c751e8b465ee728b)
Start importing Assets/Materials/Negative.mat using Guid(288382ff0dc18764ba4f3dc481e33367) Importer(815301076,1909f56bfc062723c751e8b465ee728b)  -> (artifact id: 'f73f27faf7a3230e91ddd7587cc6cd7e') in 0.039195 seconds 
  Import took 0.045495 seconds .

AssetImportWorkerClient::OnTransportError - code=2 error=End of file
